{"/Users/adm/workspace/ReactNativeTemplate/App.tsx": {"path":"/Users/adm/workspace/ReactNativeTemplate/App.tsx","statementMap":{"0":{"start":{"line":33,"column":21},"end":{"line":33,"column":48}},"1":{"start":{"line":34,"column":2},"end":{"line":55,"column":4}},"2":{"start":{"line":59,"column":21},"end":{"line":59,"column":48}},"3":{"start":{"line":61,"column":26},"end":{"line":63,"column":3}},"4":{"start":{"line":65,"column":2},"end":{"line":96,"column":4}},"5":{"start":{"line":99,"column":15},"end":{"line":116,"column":2}}},"fnMap":{"0":{"name":"Section","decl":{"start":{"line":32,"column":9},"end":{"line":32,"column":16}},"loc":{"start":{"line":32,"column":69},"end":{"line":56,"column":1}},"line":32},"1":{"name":"App","decl":{"start":{"line":58,"column":9},"end":{"line":58,"column":12}},"loc":{"start":{"line":58,"column":34},"end":{"line":97,"column":1}},"line":58}},"branchMap":{"0":{"loc":{"start":{"line":40,"column":19},"end":{"line":40,"column":59}},"type":"cond-expr","locations":[{"start":{"line":40,"column":32},"end":{"line":40,"column":44}},{"start":{"line":40,"column":47},"end":{"line":40,"column":59}}],"line":40},"1":{"loc":{"start":{"line":49,"column":19},"end":{"line":49,"column":58}},"type":"cond-expr","locations":[{"start":{"line":49,"column":32},"end":{"line":49,"column":44}},{"start":{"line":49,"column":47},"end":{"line":49,"column":58}}],"line":49},"2":{"loc":{"start":{"line":62,"column":21},"end":{"line":62,"column":64}},"type":"cond-expr","locations":[{"start":{"line":62,"column":34},"end":{"line":62,"column":47}},{"start":{"line":62,"column":50},"end":{"line":62,"column":64}}],"line":62},"3":{"loc":{"start":{"line":68,"column":18},"end":{"line":68,"column":63}},"type":"cond-expr","locations":[{"start":{"line":68,"column":31},"end":{"line":68,"column":46}},{"start":{"line":68,"column":49},"end":{"line":68,"column":63}}],"line":68},"4":{"loc":{"start":{"line":77,"column":29},"end":{"line":77,"column":69}},"type":"cond-expr","locations":[{"start":{"line":77,"column":42},"end":{"line":77,"column":54}},{"start":{"line":77,"column":57},"end":{"line":77,"column":69}}],"line":77}},"s":{"0":4,"1":4,"2":1,"3":1,"4":1,"5":1},"f":{"0":4,"1":1},"b":{"0":[0,4],"1":[0,4],"2":[0,1],"3":[0,1],"4":[0,1]},"_coverageSchema":"1a1c01bbd47fc00a2c39e90264f33305004495a9","hash":"2c6c7a0015cd061eb48a1a84d7be8f1022855b23"}
}
